<?xml version="1.0" encoding="UTF-8"?>
<!-- Generated by org.testng.reporters.JUnitXMLReporter -->
<testsuite hostname="IN-MH1LPW101875" failures="0" tests="5" name="Test" time="0.037" errors="0" timestamp="26 Aug 2023 07:51:42 GMT">
  <testcase classname="com.seleniumpractice.Annotation" name="tc1" time="0.008"/>
  <testcase classname="com.seleniumpractice.Annotation" name="tc2" time="0.001"/>
  <testcase classname="com.seleniumpractice.Annotation" name="tc3" time="0.002"/>
  <testcase classname="com.seleniumpractice.Annotation2" name="tc5" time="0.001"/>
  <testcase classname="com.seleniumpractice.Annotation2" name="tc6" time="0.001"/>
</testsuite> <!-- Test -->
