<?xml version="1.0" encoding="UTF-8"?>
<testng-results total="1" passed="1" failed="0" skipped="0">
  <reporter-output>
  </reporter-output>
  <suite started-at="2023-09-19T11:36:27Z" name="Default suite" finished-at="2023-09-19T11:36:28Z" duration-ms="420">
    <groups>
    </groups>
    <test started-at="2023-09-19T11:36:27Z" name="Default test" finished-at="2023-09-19T11:36:28Z" duration-ms="420">
      <class name="com.ews.testcases.LoginTestCase">
        <test-method is-config="true" signature="browserSetUp()[pri:0, instance:com.ews.testcases.LoginTestCase@496bc455]" started-at="2023-09-19T17:06:20Z" name="browserSetUp" finished-at="2023-09-19T17:06:27Z" duration-ms="7097" status="PASS">
          <reporter-output>
          </reporter-output>
        </test-method> <!-- browserSetUp -->
        <test-method signature="loginTestSteps()[pri:0, instance:com.ews.testcases.LoginTestCase@496bc455]" started-at="2023-09-19T17:06:27Z" name="loginTestSteps" finished-at="2023-09-19T17:06:28Z" duration-ms="402" status="PASS">
          <reporter-output>
          </reporter-output>
        </test-method> <!-- loginTestSteps -->
      </class> <!-- com.ews.testcases.LoginTestCase -->
    </test> <!-- Default test -->
  </suite> <!-- Default suite -->
</testng-results>
